<?xml version="1.0" encoding="UTF-8"?>
<testsuite name="linketinder.controller.CandidateControllerTest" tests="1" skipped="0" failures="1" errors="0" timestamp="2023-10-24T18:52:43" hostname="iMac.local" time="0.001">
  <properties/>
  <testcase name="initializationError" classname="linketinder.controller.CandidateControllerTest" time="0.001">
    <failure message="groovy.lang.GroovyRuntimeException: Could not find matching constructor for: linketinder.model.entities.Candidate(Integer, String, String, ArrayList, Integer, String, String, String, Integer)" type="groovy.lang.GroovyRuntimeException">groovy.lang.GroovyRuntimeException: Could not find matching constructor for: linketinder.model.entities.Candidate(Integer, String, String, ArrayList, Integer, String, String, String, Integer)
	at groovy.lang.MetaClassImpl.invokeConstructor(MetaClassImpl.java:1831)
	at groovy.lang.MetaClassImpl.invokeConstructor(MetaClassImpl.java:1601)
	at org.codehaus.groovy.runtime.callsite.MetaClassConstructorSite.callConstructor(MetaClassConstructorSite.java:46)
	at org.codehaus.groovy.runtime.callsite.CallSiteArray.defaultCallConstructor(CallSiteArray.java:59)
	at org.codehaus.groovy.runtime.callsite.AbstractCallSite.callConstructor(AbstractCallSite.java:263)
	at linketinder.controller.CandidateControllerTest.createList(CandidateControllerTest.groovy:23)
	at java.base/java.lang.reflect.Method.invoke(Method.java:568)
	at java.base/java.util.ArrayList.forEach(ArrayList.java:1511)
</failure>
  </testcase>
  <system-out><![CDATA[]]></system-out>
  <system-err><![CDATA[]]></system-err>
</testsuite>
